2017-12-12 18:12:43,701 - [INFO] - from org.nd4j.linalg.factory.Nd4jBackend in main
                
Loaded [CpuBackend] backend

2017-12-12 18:12:44,071 - [INFO] - from org.nd4j.nativeblas.NativeOpsHolder in main
                
Number of threads used for NativeOps: 4

2017-12-12 18:12:44,240 - [INFO] - from org.nd4j.nativeblas.Nd4jBlas in main
                
Number of threads used for BLAS: 4

2017-12-12 18:12:44,241 - [INFO] - from org.nd4j.linalg.api.ops.executioner.DefaultOpExecutioner in main
                
Backend used: [CPU]; OS: [Linux]

2017-12-12 18:12:44,241 - [INFO] - from org.nd4j.linalg.api.ops.executioner.DefaultOpExecutioner in main
                
Cores: [4]; Memory: [1.7GB];

2017-12-12 18:12:44,241 - [INFO] - from org.nd4j.linalg.api.ops.executioner.DefaultOpExecutioner in main
                
Blas vendor: [OPENBLAS]

2017-12-12 18:12:44,332 - [INFO] - from org.deeplearning4j.models.sequencevectors.SequenceVectors in main
                
Starting vocabulary building...

2017-12-12 18:12:46,898 - [INFO] - from org.deeplearning4j.models.word2vec.wordstore.VocabConstructor in main
                
Sequences checked: [1400], Current vocabulary size: [2927]; Sequences/sec: [545.60];

2017-12-12 18:12:46,921 - [INFO] - from org.deeplearning4j.models.embeddings.loader.WordVectorSerializer in main
                
Projected memory use for model: [2.23 MB]

2017-12-12 18:12:46,961 - [INFO] - from org.deeplearning4j.models.embeddings.inmemory.InMemoryLookupTable in main
                
Initializing syn1...

2017-12-12 18:12:46,962 - [INFO] - from org.deeplearning4j.models.sequencevectors.SequenceVectors in main
                
Building learning algorithms:

2017-12-12 18:12:46,962 - [INFO] - from org.deeplearning4j.models.sequencevectors.SequenceVectors in main
                
          building ElementsLearningAlgorithm: [SkipGram]

2017-12-12 18:12:46,964 - [INFO] - from org.deeplearning4j.models.sequencevectors.SequenceVectors in main
                
Starting learning process...

2017-12-12 18:12:51,363 - [INFO] - from org.deeplearning4j.models.sequencevectors.SequenceVectors in main
                
Epoch [1] finished; Elements processed so far: [208172];  Sequences processed: [1398]

2017-12-12 18:12:51,363 - [INFO] - from org.deeplearning4j.models.sequencevectors.SequenceVectors in main
                
Time spent on training: 4399 ms

2017-12-12 18:14:01,875 - [INFO] - from org.nd4j.linalg.factory.Nd4jBackend in main
                
Loaded [CpuBackend] backend

2017-12-12 18:14:02,220 - [INFO] - from org.nd4j.nativeblas.NativeOpsHolder in main
                
Number of threads used for NativeOps: 4

2017-12-12 18:14:02,453 - [INFO] - from org.nd4j.nativeblas.Nd4jBlas in main
                
Number of threads used for BLAS: 4

2017-12-12 18:14:02,454 - [INFO] - from org.nd4j.linalg.api.ops.executioner.DefaultOpExecutioner in main
                
Backend used: [CPU]; OS: [Linux]

2017-12-12 18:14:02,454 - [INFO] - from org.nd4j.linalg.api.ops.executioner.DefaultOpExecutioner in main
                
Cores: [4]; Memory: [1.7GB];

2017-12-12 18:14:02,454 - [INFO] - from org.nd4j.linalg.api.ops.executioner.DefaultOpExecutioner in main
                
Blas vendor: [OPENBLAS]

2017-12-12 18:14:02,567 - [INFO] - from org.deeplearning4j.models.sequencevectors.SequenceVectors in main
                
Starting vocabulary building...

2017-12-12 18:14:05,160 - [INFO] - from org.deeplearning4j.models.word2vec.wordstore.VocabConstructor in main
                
Sequences checked: [1400], Current vocabulary size: [2927]; Sequences/sec: [542.01];

2017-12-12 18:14:05,182 - [INFO] - from org.deeplearning4j.models.embeddings.loader.WordVectorSerializer in main
                
Projected memory use for model: [2.23 MB]

2017-12-12 18:14:05,267 - [INFO] - from org.deeplearning4j.models.embeddings.inmemory.InMemoryLookupTable in main
                
Initializing syn1...

2017-12-12 18:14:05,268 - [INFO] - from org.deeplearning4j.models.sequencevectors.SequenceVectors in main
                
Building learning algorithms:

2017-12-12 18:14:05,268 - [INFO] - from org.deeplearning4j.models.sequencevectors.SequenceVectors in main
                
          building ElementsLearningAlgorithm: [SkipGram]

2017-12-12 18:14:05,270 - [INFO] - from org.deeplearning4j.models.sequencevectors.SequenceVectors in main
                
Starting learning process...

2017-12-12 18:14:11,792 - [INFO] - from org.deeplearning4j.models.sequencevectors.SequenceVectors in main
                
Epoch [1] finished; Elements processed so far: [208172];  Sequences processed: [1398]

2017-12-12 18:14:11,792 - [INFO] - from org.deeplearning4j.models.sequencevectors.SequenceVectors in main
                
Time spent on training: 6522 ms

2017-12-12 18:25:48,160 - [INFO] - from org.nd4j.linalg.factory.Nd4jBackend in main
                
Loaded [CpuBackend] backend

2017-12-12 18:25:48,512 - [INFO] - from org.nd4j.nativeblas.NativeOpsHolder in main
                
Number of threads used for NativeOps: 4

2017-12-12 18:25:48,740 - [INFO] - from org.nd4j.nativeblas.Nd4jBlas in main
                
Number of threads used for BLAS: 4

2017-12-12 18:25:48,741 - [INFO] - from org.nd4j.linalg.api.ops.executioner.DefaultOpExecutioner in main
                
Backend used: [CPU]; OS: [Linux]

2017-12-12 18:25:48,741 - [INFO] - from org.nd4j.linalg.api.ops.executioner.DefaultOpExecutioner in main
                
Cores: [4]; Memory: [1.7GB];

2017-12-12 18:25:48,741 - [INFO] - from org.nd4j.linalg.api.ops.executioner.DefaultOpExecutioner in main
                
Blas vendor: [OPENBLAS]

2017-12-12 18:25:48,845 - [INFO] - from org.deeplearning4j.models.sequencevectors.SequenceVectors in main
                
Starting vocabulary building...

2017-12-12 18:25:51,377 - [INFO] - from org.deeplearning4j.models.word2vec.wordstore.VocabConstructor in main
                
Sequences checked: [1400], Current vocabulary size: [2927]; Sequences/sec: [552.92];

2017-12-12 18:25:51,386 - [INFO] - from org.deeplearning4j.models.embeddings.loader.WordVectorSerializer in main
                
Projected memory use for model: [2.23 MB]

2017-12-12 18:25:51,467 - [INFO] - from org.deeplearning4j.models.embeddings.inmemory.InMemoryLookupTable in main
                
Initializing syn1...

2017-12-12 18:25:51,468 - [INFO] - from org.deeplearning4j.models.sequencevectors.SequenceVectors in main
                
Building learning algorithms:

2017-12-12 18:25:51,472 - [INFO] - from org.deeplearning4j.models.sequencevectors.SequenceVectors in main
                
          building ElementsLearningAlgorithm: [SkipGram]

2017-12-12 18:25:51,474 - [INFO] - from org.deeplearning4j.models.sequencevectors.SequenceVectors in main
                
Starting learning process...

2017-12-12 18:25:57,825 - [INFO] - from org.deeplearning4j.models.sequencevectors.SequenceVectors in main
                
Epoch [1] finished; Elements processed so far: [208172];  Sequences processed: [1398]

2017-12-12 18:25:57,825 - [INFO] - from org.deeplearning4j.models.sequencevectors.SequenceVectors in main
                
Time spent on training: 6351 ms

2017-12-12 18:29:42,254 - [INFO] - from org.nd4j.linalg.factory.Nd4jBackend in main
                
Loaded [CpuBackend] backend

2017-12-12 18:29:42,659 - [INFO] - from org.nd4j.nativeblas.NativeOpsHolder in main
                
Number of threads used for NativeOps: 4

2017-12-12 18:29:42,836 - [INFO] - from org.nd4j.nativeblas.Nd4jBlas in main
                
Number of threads used for BLAS: 4

2017-12-12 18:29:42,837 - [INFO] - from org.nd4j.linalg.api.ops.executioner.DefaultOpExecutioner in main
                
Backend used: [CPU]; OS: [Linux]

2017-12-12 18:29:42,837 - [INFO] - from org.nd4j.linalg.api.ops.executioner.DefaultOpExecutioner in main
                
Cores: [4]; Memory: [1.7GB];

2017-12-12 18:29:42,837 - [INFO] - from org.nd4j.linalg.api.ops.executioner.DefaultOpExecutioner in main
                
Blas vendor: [OPENBLAS]

2017-12-12 18:29:42,917 - [INFO] - from org.deeplearning4j.models.sequencevectors.SequenceVectors in main
                
Starting vocabulary building...

2017-12-12 18:29:45,402 - [INFO] - from org.deeplearning4j.models.word2vec.wordstore.VocabConstructor in main
                
Sequences checked: [1400], Current vocabulary size: [2927]; Sequences/sec: [563.38];

2017-12-12 18:29:45,425 - [INFO] - from org.deeplearning4j.models.embeddings.loader.WordVectorSerializer in main
                
Projected memory use for model: [2.23 MB]

2017-12-12 18:29:45,478 - [INFO] - from org.deeplearning4j.models.embeddings.inmemory.InMemoryLookupTable in main
                
Initializing syn1...

2017-12-12 18:29:45,479 - [INFO] - from org.deeplearning4j.models.sequencevectors.SequenceVectors in main
                
Building learning algorithms:

2017-12-12 18:29:45,479 - [INFO] - from org.deeplearning4j.models.sequencevectors.SequenceVectors in main
                
          building ElementsLearningAlgorithm: [SkipGram]

2017-12-12 18:29:45,481 - [INFO] - from org.deeplearning4j.models.sequencevectors.SequenceVectors in main
                
Starting learning process...

2017-12-12 18:29:50,520 - [INFO] - from org.deeplearning4j.models.sequencevectors.SequenceVectors in main
                
Epoch [1] finished; Elements processed so far: [208172];  Sequences processed: [1398]

2017-12-12 18:29:50,520 - [INFO] - from org.deeplearning4j.models.sequencevectors.SequenceVectors in main
                
Time spent on training: 5039 ms

2017-12-12 18:32:19,641 - [INFO] - from org.nd4j.linalg.factory.Nd4jBackend in main
                
Loaded [CpuBackend] backend

2017-12-12 18:32:19,944 - [INFO] - from org.nd4j.nativeblas.NativeOpsHolder in main
                
Number of threads used for NativeOps: 4

2017-12-12 18:32:20,111 - [INFO] - from org.nd4j.nativeblas.Nd4jBlas in main
                
Number of threads used for BLAS: 4

2017-12-12 18:32:20,112 - [INFO] - from org.nd4j.linalg.api.ops.executioner.DefaultOpExecutioner in main
                
Backend used: [CPU]; OS: [Linux]

2017-12-12 18:32:20,112 - [INFO] - from org.nd4j.linalg.api.ops.executioner.DefaultOpExecutioner in main
                
Cores: [4]; Memory: [1.7GB];

2017-12-12 18:32:20,112 - [INFO] - from org.nd4j.linalg.api.ops.executioner.DefaultOpExecutioner in main
                
Blas vendor: [OPENBLAS]

2017-12-12 18:32:20,200 - [INFO] - from org.deeplearning4j.models.sequencevectors.SequenceVectors in main
                
Starting vocabulary building...

2017-12-12 18:32:22,735 - [INFO] - from org.deeplearning4j.models.word2vec.wordstore.VocabConstructor in main
                
Sequences checked: [1400], Current vocabulary size: [2927]; Sequences/sec: [552.27];

2017-12-12 18:32:22,744 - [INFO] - from org.deeplearning4j.models.embeddings.loader.WordVectorSerializer in main
                
Projected memory use for model: [2.23 MB]

2017-12-12 18:32:22,827 - [INFO] - from org.deeplearning4j.models.embeddings.inmemory.InMemoryLookupTable in main
                
Initializing syn1...

2017-12-12 18:32:22,828 - [INFO] - from org.deeplearning4j.models.sequencevectors.SequenceVectors in main
                
Building learning algorithms:

2017-12-12 18:32:22,828 - [INFO] - from org.deeplearning4j.models.sequencevectors.SequenceVectors in main
                
          building ElementsLearningAlgorithm: [SkipGram]

2017-12-12 18:32:22,830 - [INFO] - from org.deeplearning4j.models.sequencevectors.SequenceVectors in main
                
Starting learning process...

2017-12-12 18:32:28,944 - [INFO] - from org.deeplearning4j.models.sequencevectors.SequenceVectors in main
                
Epoch [1] finished; Elements processed so far: [208172];  Sequences processed: [1398]

2017-12-12 18:32:28,944 - [INFO] - from org.deeplearning4j.models.sequencevectors.SequenceVectors in main
                
Time spent on training: 6114 ms

2017-12-12 18:33:47,029 - [INFO] - from org.nd4j.linalg.factory.Nd4jBackend in main
                
Loaded [CpuBackend] backend

2017-12-12 18:33:47,327 - [INFO] - from org.nd4j.nativeblas.NativeOpsHolder in main
                
Number of threads used for NativeOps: 4

2017-12-12 18:33:47,501 - [INFO] - from org.nd4j.nativeblas.Nd4jBlas in main
                
Number of threads used for BLAS: 4

2017-12-12 18:33:47,504 - [INFO] - from org.nd4j.linalg.api.ops.executioner.DefaultOpExecutioner in main
                
Backend used: [CPU]; OS: [Linux]

2017-12-12 18:33:47,505 - [INFO] - from org.nd4j.linalg.api.ops.executioner.DefaultOpExecutioner in main
                
Cores: [4]; Memory: [1.7GB];

2017-12-12 18:33:47,505 - [INFO] - from org.nd4j.linalg.api.ops.executioner.DefaultOpExecutioner in main
                
Blas vendor: [OPENBLAS]

2017-12-12 18:33:47,611 - [INFO] - from org.deeplearning4j.models.sequencevectors.SequenceVectors in main
                
Starting vocabulary building...

2017-12-12 18:33:50,138 - [INFO] - from org.deeplearning4j.models.word2vec.wordstore.VocabConstructor in main
                
Sequences checked: [1400], Current vocabulary size: [2927]; Sequences/sec: [554.24];

2017-12-12 18:33:50,148 - [INFO] - from org.deeplearning4j.models.embeddings.loader.WordVectorSerializer in main
                
Projected memory use for model: [2.23 MB]

2017-12-12 18:33:50,172 - [INFO] - from org.deeplearning4j.models.embeddings.inmemory.InMemoryLookupTable in main
                
Initializing syn1...

2017-12-12 18:33:50,172 - [INFO] - from org.deeplearning4j.models.sequencevectors.SequenceVectors in main
                
Building learning algorithms:

2017-12-12 18:33:50,172 - [INFO] - from org.deeplearning4j.models.sequencevectors.SequenceVectors in main
                
          building ElementsLearningAlgorithm: [SkipGram]

2017-12-12 18:33:50,174 - [INFO] - from org.deeplearning4j.models.sequencevectors.SequenceVectors in main
                
Starting learning process...

2017-12-12 18:33:56,125 - [INFO] - from org.deeplearning4j.models.sequencevectors.SequenceVectors in main
                
Epoch [1] finished; Elements processed so far: [208172];  Sequences processed: [1398]

2017-12-12 18:33:56,125 - [INFO] - from org.deeplearning4j.models.sequencevectors.SequenceVectors in main
                
Time spent on training: 5951 ms

2017-12-12 20:36:44,162 - [INFO] - from org.nd4j.linalg.factory.Nd4jBackend in main
                
Loaded [CpuBackend] backend

2017-12-12 20:36:44,657 - [INFO] - from org.nd4j.nativeblas.NativeOpsHolder in main
                
Number of threads used for NativeOps: 4

2017-12-12 20:36:44,935 - [INFO] - from org.nd4j.nativeblas.Nd4jBlas in main
                
Number of threads used for BLAS: 4

2017-12-12 20:36:44,936 - [INFO] - from org.nd4j.linalg.api.ops.executioner.DefaultOpExecutioner in main
                
Backend used: [CPU]; OS: [Linux]

2017-12-12 20:36:44,936 - [INFO] - from org.nd4j.linalg.api.ops.executioner.DefaultOpExecutioner in main
                
Cores: [4]; Memory: [1.7GB];

2017-12-12 20:36:44,936 - [INFO] - from org.nd4j.linalg.api.ops.executioner.DefaultOpExecutioner in main
                
Blas vendor: [OPENBLAS]

2017-12-12 20:36:45,023 - [INFO] - from org.deeplearning4j.models.sequencevectors.SequenceVectors in main
                
Starting vocabulary building...

2017-12-12 20:36:47,507 - [INFO] - from org.deeplearning4j.models.word2vec.wordstore.VocabConstructor in main
                
Sequences checked: [1400], Current vocabulary size: [2927]; Sequences/sec: [563.83];

2017-12-12 20:36:47,516 - [INFO] - from org.deeplearning4j.models.embeddings.loader.WordVectorSerializer in main
                
Projected memory use for model: [2.23 MB]

2017-12-12 20:36:47,610 - [INFO] - from org.deeplearning4j.models.embeddings.inmemory.InMemoryLookupTable in main
                
Initializing syn1...

2017-12-12 20:36:47,611 - [INFO] - from org.deeplearning4j.models.sequencevectors.SequenceVectors in main
                
Building learning algorithms:

2017-12-12 20:36:47,611 - [INFO] - from org.deeplearning4j.models.sequencevectors.SequenceVectors in main
                
          building ElementsLearningAlgorithm: [SkipGram]

2017-12-12 20:36:47,613 - [INFO] - from org.deeplearning4j.models.sequencevectors.SequenceVectors in main
                
Starting learning process...

2017-12-12 20:36:54,059 - [INFO] - from org.deeplearning4j.models.sequencevectors.SequenceVectors in main
                
Epoch [1] finished; Elements processed so far: [208172];  Sequences processed: [1398]

2017-12-12 20:36:54,059 - [INFO] - from org.deeplearning4j.models.sequencevectors.SequenceVectors in main
                
Time spent on training: 6446 ms

2017-12-12 20:38:11,142 - [INFO] - from org.nd4j.linalg.factory.Nd4jBackend in main
                
Loaded [CpuBackend] backend

2017-12-12 20:38:11,620 - [INFO] - from org.nd4j.nativeblas.NativeOpsHolder in main
                
Number of threads used for NativeOps: 4

2017-12-12 20:38:11,872 - [INFO] - from org.nd4j.nativeblas.Nd4jBlas in main
                
Number of threads used for BLAS: 4

2017-12-12 20:38:11,873 - [INFO] - from org.nd4j.linalg.api.ops.executioner.DefaultOpExecutioner in main
                
Backend used: [CPU]; OS: [Linux]

2017-12-12 20:38:11,873 - [INFO] - from org.nd4j.linalg.api.ops.executioner.DefaultOpExecutioner in main
                
Cores: [4]; Memory: [1.7GB];

2017-12-12 20:38:11,873 - [INFO] - from org.nd4j.linalg.api.ops.executioner.DefaultOpExecutioner in main
                
Blas vendor: [OPENBLAS]

2017-12-12 20:38:11,984 - [INFO] - from org.deeplearning4j.models.sequencevectors.SequenceVectors in main
                
Starting vocabulary building...

2017-12-12 20:38:14,528 - [INFO] - from org.deeplearning4j.models.word2vec.wordstore.VocabConstructor in main
                
Sequences checked: [1400], Current vocabulary size: [2927]; Sequences/sec: [550.53];

2017-12-12 20:38:14,537 - [INFO] - from org.deeplearning4j.models.embeddings.loader.WordVectorSerializer in main
                
Projected memory use for model: [2.23 MB]

2017-12-12 20:38:14,558 - [INFO] - from org.deeplearning4j.models.embeddings.inmemory.InMemoryLookupTable in main
                
Initializing syn1...

2017-12-12 20:38:14,558 - [INFO] - from org.deeplearning4j.models.sequencevectors.SequenceVectors in main
                
Building learning algorithms:

2017-12-12 20:38:14,558 - [INFO] - from org.deeplearning4j.models.sequencevectors.SequenceVectors in main
                
          building ElementsLearningAlgorithm: [SkipGram]

2017-12-12 20:38:14,560 - [INFO] - from org.deeplearning4j.models.sequencevectors.SequenceVectors in main
                
Starting learning process...

2017-12-12 20:38:19,786 - [INFO] - from org.deeplearning4j.models.sequencevectors.SequenceVectors in main
                
Epoch [1] finished; Elements processed so far: [208172];  Sequences processed: [1398]

2017-12-12 20:38:19,786 - [INFO] - from org.deeplearning4j.models.sequencevectors.SequenceVectors in main
                
Time spent on training: 5226 ms

2017-12-13 13:47:16,291 - [INFO] - from org.nd4j.linalg.factory.Nd4jBackend in main
                
Loaded [CpuBackend] backend

2017-12-13 13:47:16,632 - [INFO] - from org.nd4j.nativeblas.NativeOpsHolder in main
                
Number of threads used for NativeOps: 4

2017-12-13 13:47:16,854 - [INFO] - from org.nd4j.nativeblas.Nd4jBlas in main
                
Number of threads used for BLAS: 4

2017-12-13 13:47:16,856 - [INFO] - from org.nd4j.linalg.api.ops.executioner.DefaultOpExecutioner in main
                
Backend used: [CPU]; OS: [Linux]

2017-12-13 13:47:16,856 - [INFO] - from org.nd4j.linalg.api.ops.executioner.DefaultOpExecutioner in main
                
Cores: [4]; Memory: [1.7GB];

2017-12-13 13:47:16,856 - [INFO] - from org.nd4j.linalg.api.ops.executioner.DefaultOpExecutioner in main
                
Blas vendor: [OPENBLAS]

2017-12-13 13:47:16,958 - [INFO] - from org.deeplearning4j.models.sequencevectors.SequenceVectors in main
                
Starting vocabulary building...

2017-12-13 13:47:19,416 - [INFO] - from org.deeplearning4j.models.word2vec.wordstore.VocabConstructor in main
                
Sequences checked: [1400], Current vocabulary size: [2927]; Sequences/sec: [570.03];

2017-12-13 13:47:19,427 - [INFO] - from org.deeplearning4j.models.embeddings.loader.WordVectorSerializer in main
                
Projected memory use for model: [2.23 MB]

2017-12-13 13:47:19,455 - [INFO] - from org.deeplearning4j.models.embeddings.inmemory.InMemoryLookupTable in main
                
Initializing syn1...

2017-12-13 13:47:19,455 - [INFO] - from org.deeplearning4j.models.sequencevectors.SequenceVectors in main
                
Building learning algorithms:

2017-12-13 13:47:19,455 - [INFO] - from org.deeplearning4j.models.sequencevectors.SequenceVectors in main
                
          building ElementsLearningAlgorithm: [SkipGram]

2017-12-13 13:47:19,457 - [INFO] - from org.deeplearning4j.models.sequencevectors.SequenceVectors in main
                
Starting learning process...

2017-12-13 13:47:23,888 - [INFO] - from org.deeplearning4j.models.sequencevectors.SequenceVectors in main
                
Epoch [1] finished; Elements processed so far: [208172];  Sequences processed: [1398]

2017-12-13 13:47:23,888 - [INFO] - from org.deeplearning4j.models.sequencevectors.SequenceVectors in main
                
Time spent on training: 4431 ms

2017-12-13 13:47:43,320 - [INFO] - from org.nd4j.linalg.factory.Nd4jBackend in main
                
Loaded [CpuBackend] backend

2017-12-13 13:47:43,902 - [INFO] - from org.nd4j.nativeblas.NativeOpsHolder in main
                
Number of threads used for NativeOps: 4

2017-12-13 13:47:44,105 - [INFO] - from org.nd4j.nativeblas.Nd4jBlas in main
                
Number of threads used for BLAS: 4

2017-12-13 13:47:44,106 - [INFO] - from org.nd4j.linalg.api.ops.executioner.DefaultOpExecutioner in main
                
Backend used: [CPU]; OS: [Linux]

2017-12-13 13:47:44,106 - [INFO] - from org.nd4j.linalg.api.ops.executioner.DefaultOpExecutioner in main
                
Cores: [4]; Memory: [1.7GB];

2017-12-13 13:47:44,107 - [INFO] - from org.nd4j.linalg.api.ops.executioner.DefaultOpExecutioner in main
                
Blas vendor: [OPENBLAS]

2017-12-13 13:47:44,253 - [INFO] - from org.deeplearning4j.models.sequencevectors.SequenceVectors in main
                
Starting vocabulary building...

2017-12-13 13:47:46,813 - [INFO] - from org.deeplearning4j.models.word2vec.wordstore.VocabConstructor in main
                
Sequences checked: [1400], Current vocabulary size: [2927]; Sequences/sec: [546.88];

2017-12-13 13:47:46,839 - [INFO] - from org.deeplearning4j.models.embeddings.loader.WordVectorSerializer in main
                
Projected memory use for model: [2.23 MB]

2017-12-13 13:47:46,877 - [INFO] - from org.deeplearning4j.models.embeddings.inmemory.InMemoryLookupTable in main
                
Initializing syn1...

2017-12-13 13:47:46,878 - [INFO] - from org.deeplearning4j.models.sequencevectors.SequenceVectors in main
                
Building learning algorithms:

2017-12-13 13:47:46,878 - [INFO] - from org.deeplearning4j.models.sequencevectors.SequenceVectors in main
                
          building ElementsLearningAlgorithm: [SkipGram]

2017-12-13 13:47:46,880 - [INFO] - from org.deeplearning4j.models.sequencevectors.SequenceVectors in main
                
Starting learning process...

2017-12-13 13:47:52,554 - [INFO] - from org.deeplearning4j.models.sequencevectors.SequenceVectors in main
                
Epoch [1] finished; Elements processed so far: [208172];  Sequences processed: [1398]

2017-12-13 13:47:52,554 - [INFO] - from org.deeplearning4j.models.sequencevectors.SequenceVectors in main
                
Time spent on training: 5674 ms

2017-12-13 13:48:32,364 - [INFO] - from org.nd4j.linalg.factory.Nd4jBackend in main
                
Loaded [CpuBackend] backend

2017-12-13 13:48:32,892 - [INFO] - from org.nd4j.nativeblas.NativeOpsHolder in main
                
Number of threads used for NativeOps: 4

2017-12-13 13:48:33,187 - [INFO] - from org.nd4j.nativeblas.Nd4jBlas in main
                
Number of threads used for BLAS: 4

2017-12-13 13:48:33,188 - [INFO] - from org.nd4j.linalg.api.ops.executioner.DefaultOpExecutioner in main
                
Backend used: [CPU]; OS: [Linux]

2017-12-13 13:48:33,188 - [INFO] - from org.nd4j.linalg.api.ops.executioner.DefaultOpExecutioner in main
                
Cores: [4]; Memory: [1.7GB];

2017-12-13 13:48:33,189 - [INFO] - from org.nd4j.linalg.api.ops.executioner.DefaultOpExecutioner in main
                
Blas vendor: [OPENBLAS]

2017-12-13 13:48:33,291 - [INFO] - from org.deeplearning4j.models.sequencevectors.SequenceVectors in main
                
Starting vocabulary building...

2017-12-13 13:48:35,777 - [INFO] - from org.deeplearning4j.models.word2vec.wordstore.VocabConstructor in main
                
Sequences checked: [1400], Current vocabulary size: [2927]; Sequences/sec: [563.38];

2017-12-13 13:48:35,800 - [INFO] - from org.deeplearning4j.models.embeddings.loader.WordVectorSerializer in main
                
Projected memory use for model: [2.23 MB]

2017-12-13 13:48:35,866 - [INFO] - from org.deeplearning4j.models.embeddings.inmemory.InMemoryLookupTable in main
                
Initializing syn1...

2017-12-13 13:48:35,867 - [INFO] - from org.deeplearning4j.models.sequencevectors.SequenceVectors in main
                
Building learning algorithms:

2017-12-13 13:48:35,867 - [INFO] - from org.deeplearning4j.models.sequencevectors.SequenceVectors in main
                
          building ElementsLearningAlgorithm: [SkipGram]

2017-12-13 13:48:35,868 - [INFO] - from org.deeplearning4j.models.sequencevectors.SequenceVectors in main
                
Starting learning process...

2017-12-13 13:48:39,662 - [INFO] - from org.deeplearning4j.models.sequencevectors.SequenceVectors in main
                
Epoch [1] finished; Elements processed so far: [208172];  Sequences processed: [1398]

2017-12-13 13:48:39,662 - [INFO] - from org.deeplearning4j.models.sequencevectors.SequenceVectors in main
                
Time spent on training: 3794 ms

2017-12-13 13:50:56,018 - [INFO] - from org.nd4j.linalg.factory.Nd4jBackend in main
                
Loaded [CpuBackend] backend

2017-12-13 13:50:56,397 - [INFO] - from org.nd4j.nativeblas.NativeOpsHolder in main
                
Number of threads used for NativeOps: 4

2017-12-13 13:50:56,700 - [INFO] - from org.nd4j.nativeblas.Nd4jBlas in main
                
Number of threads used for BLAS: 4

2017-12-13 13:50:56,702 - [INFO] - from org.nd4j.linalg.api.ops.executioner.DefaultOpExecutioner in main
                
Backend used: [CPU]; OS: [Linux]

2017-12-13 13:50:56,702 - [INFO] - from org.nd4j.linalg.api.ops.executioner.DefaultOpExecutioner in main
                
Cores: [4]; Memory: [1.7GB];

2017-12-13 13:50:56,702 - [INFO] - from org.nd4j.linalg.api.ops.executioner.DefaultOpExecutioner in main
                
Blas vendor: [OPENBLAS]

2017-12-13 13:50:56,801 - [INFO] - from org.deeplearning4j.models.sequencevectors.SequenceVectors in main
                
Starting vocabulary building...

2017-12-13 13:50:59,322 - [INFO] - from org.deeplearning4j.models.word2vec.wordstore.VocabConstructor in main
                
Sequences checked: [1400], Current vocabulary size: [2927]; Sequences/sec: [555.56];

2017-12-13 13:50:59,331 - [INFO] - from org.deeplearning4j.models.embeddings.loader.WordVectorSerializer in main
                
Projected memory use for model: [2.23 MB]

2017-12-13 13:50:59,365 - [INFO] - from org.deeplearning4j.models.embeddings.inmemory.InMemoryLookupTable in main
                
Initializing syn1...

2017-12-13 13:50:59,365 - [INFO] - from org.deeplearning4j.models.sequencevectors.SequenceVectors in main
                
Building learning algorithms:

2017-12-13 13:50:59,365 - [INFO] - from org.deeplearning4j.models.sequencevectors.SequenceVectors in main
                
          building ElementsLearningAlgorithm: [SkipGram]

2017-12-13 13:50:59,367 - [INFO] - from org.deeplearning4j.models.sequencevectors.SequenceVectors in main
                
Starting learning process...

2017-12-13 13:51:03,935 - [INFO] - from org.deeplearning4j.models.sequencevectors.SequenceVectors in main
                
Epoch [1] finished; Elements processed so far: [208172];  Sequences processed: [1398]

2017-12-13 13:51:03,935 - [INFO] - from org.deeplearning4j.models.sequencevectors.SequenceVectors in main
                
Time spent on training: 4568 ms

2017-12-13 13:51:19,955 - [INFO] - from org.nd4j.linalg.factory.Nd4jBackend in main
                
Loaded [CpuBackend] backend

2017-12-13 13:51:20,246 - [INFO] - from org.nd4j.nativeblas.NativeOpsHolder in main
                
Number of threads used for NativeOps: 4

2017-12-13 13:51:20,402 - [INFO] - from org.nd4j.nativeblas.Nd4jBlas in main
                
Number of threads used for BLAS: 4

2017-12-13 13:51:20,403 - [INFO] - from org.nd4j.linalg.api.ops.executioner.DefaultOpExecutioner in main
                
Backend used: [CPU]; OS: [Linux]

2017-12-13 13:51:20,403 - [INFO] - from org.nd4j.linalg.api.ops.executioner.DefaultOpExecutioner in main
                
Cores: [4]; Memory: [1.7GB];

2017-12-13 13:51:20,403 - [INFO] - from org.nd4j.linalg.api.ops.executioner.DefaultOpExecutioner in main
                
Blas vendor: [OPENBLAS]

2017-12-13 13:51:20,495 - [INFO] - from org.deeplearning4j.models.sequencevectors.SequenceVectors in main
                
Starting vocabulary building...

2017-12-13 13:51:23,040 - [INFO] - from org.deeplearning4j.models.word2vec.wordstore.VocabConstructor in main
                
Sequences checked: [1400], Current vocabulary size: [2927]; Sequences/sec: [550.10];

2017-12-13 13:51:23,058 - [INFO] - from org.deeplearning4j.models.embeddings.loader.WordVectorSerializer in main
                
Projected memory use for model: [2.23 MB]

2017-12-13 13:51:23,110 - [INFO] - from org.deeplearning4j.models.embeddings.inmemory.InMemoryLookupTable in main
                
Initializing syn1...

2017-12-13 13:51:23,110 - [INFO] - from org.deeplearning4j.models.sequencevectors.SequenceVectors in main
                
Building learning algorithms:

2017-12-13 13:51:23,110 - [INFO] - from org.deeplearning4j.models.sequencevectors.SequenceVectors in main
                
          building ElementsLearningAlgorithm: [SkipGram]

2017-12-13 13:51:23,112 - [INFO] - from org.deeplearning4j.models.sequencevectors.SequenceVectors in main
                
Starting learning process...

2017-12-13 13:51:29,304 - [INFO] - from org.deeplearning4j.models.sequencevectors.SequenceVectors in main
                
Epoch [1] finished; Elements processed so far: [208172];  Sequences processed: [1398]

2017-12-13 13:51:29,304 - [INFO] - from org.deeplearning4j.models.sequencevectors.SequenceVectors in main
                
Time spent on training: 6192 ms

2017-12-13 13:52:21,768 - [INFO] - from org.nd4j.linalg.factory.Nd4jBackend in main
                
Loaded [CpuBackend] backend

2017-12-13 13:52:22,114 - [INFO] - from org.nd4j.nativeblas.NativeOpsHolder in main
                
Number of threads used for NativeOps: 4

2017-12-13 13:52:22,279 - [INFO] - from org.nd4j.nativeblas.Nd4jBlas in main
                
Number of threads used for BLAS: 4

2017-12-13 13:52:22,280 - [INFO] - from org.nd4j.linalg.api.ops.executioner.DefaultOpExecutioner in main
                
Backend used: [CPU]; OS: [Linux]

2017-12-13 13:52:22,280 - [INFO] - from org.nd4j.linalg.api.ops.executioner.DefaultOpExecutioner in main
                
Cores: [4]; Memory: [1.7GB];

2017-12-13 13:52:22,280 - [INFO] - from org.nd4j.linalg.api.ops.executioner.DefaultOpExecutioner in main
                
Blas vendor: [OPENBLAS]

2017-12-13 13:52:22,374 - [INFO] - from org.deeplearning4j.models.sequencevectors.SequenceVectors in main
                
Starting vocabulary building...

2017-12-13 13:52:24,894 - [INFO] - from org.deeplearning4j.models.word2vec.wordstore.VocabConstructor in main
                
Sequences checked: [1400], Current vocabulary size: [2927]; Sequences/sec: [555.56];

2017-12-13 13:52:24,904 - [INFO] - from org.deeplearning4j.models.embeddings.loader.WordVectorSerializer in main
                
Projected memory use for model: [2.23 MB]

2017-12-13 13:52:24,937 - [INFO] - from org.deeplearning4j.models.embeddings.inmemory.InMemoryLookupTable in main
                
Initializing syn1...

2017-12-13 13:52:24,938 - [INFO] - from org.deeplearning4j.models.sequencevectors.SequenceVectors in main
                
Building learning algorithms:

2017-12-13 13:52:24,938 - [INFO] - from org.deeplearning4j.models.sequencevectors.SequenceVectors in main
                
          building ElementsLearningAlgorithm: [SkipGram]

2017-12-13 13:52:24,940 - [INFO] - from org.deeplearning4j.models.sequencevectors.SequenceVectors in main
                
Starting learning process...

2017-12-13 13:52:31,627 - [INFO] - from org.deeplearning4j.models.sequencevectors.SequenceVectors in main
                
Epoch [1] finished; Elements processed so far: [208172];  Sequences processed: [1398]

2017-12-13 13:52:31,627 - [INFO] - from org.deeplearning4j.models.sequencevectors.SequenceVectors in main
                
Time spent on training: 6687 ms

2017-12-13 13:52:53,698 - [INFO] - from org.nd4j.linalg.factory.Nd4jBackend in main
                
Loaded [CpuBackend] backend

2017-12-13 13:52:54,211 - [INFO] - from org.nd4j.nativeblas.NativeOpsHolder in main
                
Number of threads used for NativeOps: 4

2017-12-13 13:52:54,587 - [INFO] - from org.nd4j.nativeblas.Nd4jBlas in main
                
Number of threads used for BLAS: 4

2017-12-13 13:52:54,588 - [INFO] - from org.nd4j.linalg.api.ops.executioner.DefaultOpExecutioner in main
                
Backend used: [CPU]; OS: [Linux]

2017-12-13 13:52:54,589 - [INFO] - from org.nd4j.linalg.api.ops.executioner.DefaultOpExecutioner in main
                
Cores: [4]; Memory: [1.7GB];

2017-12-13 13:52:54,589 - [INFO] - from org.nd4j.linalg.api.ops.executioner.DefaultOpExecutioner in main
                
Blas vendor: [OPENBLAS]

2017-12-13 13:52:54,727 - [INFO] - from org.deeplearning4j.models.sequencevectors.SequenceVectors in main
                
Starting vocabulary building...

2017-12-13 13:52:57,227 - [INFO] - from org.deeplearning4j.models.word2vec.wordstore.VocabConstructor in main
                
Sequences checked: [1400], Current vocabulary size: [2927]; Sequences/sec: [560.45];

2017-12-13 13:52:57,236 - [INFO] - from org.deeplearning4j.models.embeddings.loader.WordVectorSerializer in main
                
Projected memory use for model: [2.23 MB]

2017-12-13 13:52:57,284 - [INFO] - from org.deeplearning4j.models.embeddings.inmemory.InMemoryLookupTable in main
                
Initializing syn1...

2017-12-13 13:52:57,284 - [INFO] - from org.deeplearning4j.models.sequencevectors.SequenceVectors in main
                
Building learning algorithms:

2017-12-13 13:52:57,284 - [INFO] - from org.deeplearning4j.models.sequencevectors.SequenceVectors in main
                
          building ElementsLearningAlgorithm: [SkipGram]

2017-12-13 13:52:57,286 - [INFO] - from org.deeplearning4j.models.sequencevectors.SequenceVectors in main
                
Starting learning process...

2017-12-13 13:53:01,857 - [INFO] - from org.deeplearning4j.models.sequencevectors.SequenceVectors in main
                
Epoch [1] finished; Elements processed so far: [208172];  Sequences processed: [1398]

2017-12-13 13:53:01,857 - [INFO] - from org.deeplearning4j.models.sequencevectors.SequenceVectors in main
                
Time spent on training: 4571 ms

2017-12-13 14:01:04,591 - [INFO] - from org.nd4j.linalg.factory.Nd4jBackend in main
                
Loaded [CpuBackend] backend

2017-12-13 14:01:04,929 - [INFO] - from org.nd4j.nativeblas.NativeOpsHolder in main
                
Number of threads used for NativeOps: 4

2017-12-13 14:01:05,100 - [INFO] - from org.nd4j.nativeblas.Nd4jBlas in main
                
Number of threads used for BLAS: 4

2017-12-13 14:01:05,101 - [INFO] - from org.nd4j.linalg.api.ops.executioner.DefaultOpExecutioner in main
                
Backend used: [CPU]; OS: [Linux]

2017-12-13 14:01:05,101 - [INFO] - from org.nd4j.linalg.api.ops.executioner.DefaultOpExecutioner in main
                
Cores: [4]; Memory: [1.7GB];

2017-12-13 14:01:05,101 - [INFO] - from org.nd4j.linalg.api.ops.executioner.DefaultOpExecutioner in main
                
Blas vendor: [OPENBLAS]

2017-12-13 14:01:05,186 - [INFO] - from org.deeplearning4j.models.sequencevectors.SequenceVectors in main
                
Starting vocabulary building...

2017-12-13 14:01:07,693 - [INFO] - from org.deeplearning4j.models.word2vec.wordstore.VocabConstructor in main
                
Sequences checked: [1400], Current vocabulary size: [2927]; Sequences/sec: [558.66];

2017-12-13 14:01:07,716 - [INFO] - from org.deeplearning4j.models.embeddings.loader.WordVectorSerializer in main
                
Projected memory use for model: [2.23 MB]

2017-12-13 14:01:07,766 - [INFO] - from org.deeplearning4j.models.embeddings.inmemory.InMemoryLookupTable in main
                
Initializing syn1...

2017-12-13 14:01:07,767 - [INFO] - from org.deeplearning4j.models.sequencevectors.SequenceVectors in main
                
Building learning algorithms:

2017-12-13 14:01:07,767 - [INFO] - from org.deeplearning4j.models.sequencevectors.SequenceVectors in main
                
          building ElementsLearningAlgorithm: [SkipGram]

2017-12-13 14:01:07,769 - [INFO] - from org.deeplearning4j.models.sequencevectors.SequenceVectors in main
                
Starting learning process...

2017-12-13 14:01:13,619 - [INFO] - from org.deeplearning4j.models.sequencevectors.SequenceVectors in main
                
Epoch [1] finished; Elements processed so far: [208172];  Sequences processed: [1398]

2017-12-13 14:01:13,619 - [INFO] - from org.deeplearning4j.models.sequencevectors.SequenceVectors in main
                
Time spent on training: 5849 ms

2017-12-13 14:02:52,642 - [INFO] - from org.nd4j.linalg.factory.Nd4jBackend in main
                
Loaded [CpuBackend] backend

2017-12-13 14:02:53,005 - [INFO] - from org.nd4j.nativeblas.NativeOpsHolder in main
                
Number of threads used for NativeOps: 4

2017-12-13 14:02:53,234 - [INFO] - from org.nd4j.nativeblas.Nd4jBlas in main
                
Number of threads used for BLAS: 4

2017-12-13 14:02:53,235 - [INFO] - from org.nd4j.linalg.api.ops.executioner.DefaultOpExecutioner in main
                
Backend used: [CPU]; OS: [Linux]

2017-12-13 14:02:53,235 - [INFO] - from org.nd4j.linalg.api.ops.executioner.DefaultOpExecutioner in main
                
Cores: [4]; Memory: [1.7GB];

2017-12-13 14:02:53,235 - [INFO] - from org.nd4j.linalg.api.ops.executioner.DefaultOpExecutioner in main
                
Blas vendor: [OPENBLAS]

2017-12-13 14:02:53,310 - [INFO] - from org.deeplearning4j.models.sequencevectors.SequenceVectors in main
                
Starting vocabulary building...

2017-12-13 14:02:55,817 - [INFO] - from org.deeplearning4j.models.word2vec.wordstore.VocabConstructor in main
                
Sequences checked: [1400], Current vocabulary size: [2927]; Sequences/sec: [558.44];

2017-12-13 14:02:55,826 - [INFO] - from org.deeplearning4j.models.embeddings.loader.WordVectorSerializer in main
                
Projected memory use for model: [2.23 MB]

2017-12-13 14:02:55,880 - [INFO] - from org.deeplearning4j.models.embeddings.inmemory.InMemoryLookupTable in main
                
Initializing syn1...

2017-12-13 14:02:55,880 - [INFO] - from org.deeplearning4j.models.sequencevectors.SequenceVectors in main
                
Building learning algorithms:

2017-12-13 14:02:55,880 - [INFO] - from org.deeplearning4j.models.sequencevectors.SequenceVectors in main
                
          building ElementsLearningAlgorithm: [SkipGram]

2017-12-13 14:02:55,883 - [INFO] - from org.deeplearning4j.models.sequencevectors.SequenceVectors in main
                
Starting learning process...

2017-12-13 14:03:01,581 - [INFO] - from org.deeplearning4j.models.sequencevectors.SequenceVectors in main
                
Epoch [1] finished; Elements processed so far: [208172];  Sequences processed: [1398]

2017-12-13 14:03:01,581 - [INFO] - from org.deeplearning4j.models.sequencevectors.SequenceVectors in main
                
Time spent on training: 5698 ms

2017-12-13 14:04:14,886 - [INFO] - from org.nd4j.linalg.factory.Nd4jBackend in main
                
Loaded [CpuBackend] backend

2017-12-13 14:04:15,274 - [INFO] - from org.nd4j.nativeblas.NativeOpsHolder in main
                
Number of threads used for NativeOps: 4

2017-12-13 14:04:15,497 - [INFO] - from org.nd4j.nativeblas.Nd4jBlas in main
                
Number of threads used for BLAS: 4

2017-12-13 14:04:15,502 - [INFO] - from org.nd4j.linalg.api.ops.executioner.DefaultOpExecutioner in main
                
Backend used: [CPU]; OS: [Linux]

2017-12-13 14:04:15,503 - [INFO] - from org.nd4j.linalg.api.ops.executioner.DefaultOpExecutioner in main
                
Cores: [4]; Memory: [1.7GB];

2017-12-13 14:04:15,503 - [INFO] - from org.nd4j.linalg.api.ops.executioner.DefaultOpExecutioner in main
                
Blas vendor: [OPENBLAS]

2017-12-13 14:04:15,652 - [INFO] - from org.deeplearning4j.models.sequencevectors.SequenceVectors in main
                
Starting vocabulary building...

2017-12-13 14:04:18,262 - [INFO] - from org.deeplearning4j.models.word2vec.wordstore.VocabConstructor in main
                
Sequences checked: [1400], Current vocabulary size: [2927]; Sequences/sec: [536.40];

2017-12-13 14:04:18,285 - [INFO] - from org.deeplearning4j.models.embeddings.loader.WordVectorSerializer in main
                
Projected memory use for model: [2.23 MB]

2017-12-13 14:04:18,338 - [INFO] - from org.deeplearning4j.models.embeddings.inmemory.InMemoryLookupTable in main
                
Initializing syn1...

2017-12-13 14:04:18,338 - [INFO] - from org.deeplearning4j.models.sequencevectors.SequenceVectors in main
                
Building learning algorithms:

2017-12-13 14:04:18,338 - [INFO] - from org.deeplearning4j.models.sequencevectors.SequenceVectors in main
                
          building ElementsLearningAlgorithm: [SkipGram]

2017-12-13 14:04:18,340 - [INFO] - from org.deeplearning4j.models.sequencevectors.SequenceVectors in main
                
Starting learning process...

2017-12-13 14:04:23,418 - [INFO] - from org.deeplearning4j.models.sequencevectors.SequenceVectors in main
                
Epoch [1] finished; Elements processed so far: [208172];  Sequences processed: [1398]

2017-12-13 14:04:23,418 - [INFO] - from org.deeplearning4j.models.sequencevectors.SequenceVectors in main
                
Time spent on training: 5077 ms

2017-12-13 14:10:00,732 - [INFO] - from org.nd4j.linalg.factory.Nd4jBackend in main
                
Loaded [CpuBackend] backend

2017-12-13 14:10:01,184 - [INFO] - from org.nd4j.nativeblas.NativeOpsHolder in main
                
Number of threads used for NativeOps: 4

2017-12-13 14:10:01,393 - [INFO] - from org.nd4j.nativeblas.Nd4jBlas in main
                
Number of threads used for BLAS: 4

2017-12-13 14:10:01,394 - [INFO] - from org.nd4j.linalg.api.ops.executioner.DefaultOpExecutioner in main
                
Backend used: [CPU]; OS: [Linux]

2017-12-13 14:10:01,395 - [INFO] - from org.nd4j.linalg.api.ops.executioner.DefaultOpExecutioner in main
                
Cores: [4]; Memory: [1.7GB];

2017-12-13 14:10:01,395 - [INFO] - from org.nd4j.linalg.api.ops.executioner.DefaultOpExecutioner in main
                
Blas vendor: [OPENBLAS]

2017-12-13 14:10:01,539 - [INFO] - from org.deeplearning4j.models.sequencevectors.SequenceVectors in main
                
Starting vocabulary building...

2017-12-13 14:10:04,091 - [INFO] - from org.deeplearning4j.models.word2vec.wordstore.VocabConstructor in main
                
Sequences checked: [1400], Current vocabulary size: [2927]; Sequences/sec: [549.88];

2017-12-13 14:10:04,101 - [INFO] - from org.deeplearning4j.models.embeddings.loader.WordVectorSerializer in main
                
Projected memory use for model: [2.23 MB]

2017-12-13 14:10:04,124 - [INFO] - from org.deeplearning4j.models.embeddings.inmemory.InMemoryLookupTable in main
                
Initializing syn1...

2017-12-13 14:10:04,124 - [INFO] - from org.deeplearning4j.models.sequencevectors.SequenceVectors in main
                
Building learning algorithms:

2017-12-13 14:10:04,124 - [INFO] - from org.deeplearning4j.models.sequencevectors.SequenceVectors in main
                
          building ElementsLearningAlgorithm: [SkipGram]

2017-12-13 14:10:04,127 - [INFO] - from org.deeplearning4j.models.sequencevectors.SequenceVectors in main
                
Starting learning process...

2017-12-13 14:10:08,717 - [INFO] - from org.deeplearning4j.models.sequencevectors.SequenceVectors in main
                
Epoch [1] finished; Elements processed so far: [208172];  Sequences processed: [1398]

2017-12-13 14:10:08,717 - [INFO] - from org.deeplearning4j.models.sequencevectors.SequenceVectors in main
                
Time spent on training: 4590 ms

